[2025-05-11 15:10:54] [User: admin@university.edu] [Action: Reservation reject] [Status: Rejected] [Details: ReservationId: 159, User: ersanozdemir0715@gmail.com, Class: CENG, Term: Yeni dönem, Start: 15.05.2028 12:00:00, End: 15.05.2028 13:00:00]
[2025-05-11 15:15:33] [User: ersanozdemir0715@gmail.com] [Action: Reservation Created] [Status: Success] [Details: User: ff850700-a3e5-4cdc-afe0-0ab9da7b477c, Class: 4, Term: 1, Start: 3.06.2025 12:00:00, End: 3.06.2025 14:00:00]
[2025-05-11 15:15:52] [User: ersanozdemir0715@gmail.com] [Action: Feedback Submitted] [Status: Success] [Details: User: ersanozdemir0715@gmail.com, Class: EE, Rating: 5, Message: feedback]
[2025-05-11 15:18:24] [User: ersanozdemir0715@gmail.com] [Action: Login] [Status: Success] [Details: User: ersanozdemir0715@gmail.com]
[2025-05-11 15:22:47] [User: admin@university.edu] [Action: Login] [Status: Success] [Details: User: admin@university.edu]
[2025-05-11 15:35:46] [User: ersanozdemir0715@gmail.com] [Action: Login] [Status: Success] [Details: User: ersanozdemir0715@gmail.com]
[2025-05-11 15:42:28] [User: ersanozdemir0715@gmail.com] [Action: Login] [Status: Success] [Details: User: ersanozdemir0715@gmail.com]
[2025-05-11 15:52:14] [User: admin@university.edu] [Action: Login] [Status: Success] [Details: User: admin@university.edu]
[2025-05-11 15:53:14] [User: ersanozdemir0715@gmail.com] [Action: Login] [Status: Success] [Details: User: ersanozdemir0715@gmail.com]
[2025-05-11 16:07:03] [User: ersanozdemir0715@gmail.com] [Action: Login] [Status: Success] [Details: User: ersanozdemir0715@gmail.com]
[2025-05-11 16:09:09] [User: ersanozdemir0715@gmail.com] [Action: Reservation Created] [Status: Success] [Details: User: ff850700-a3e5-4cdc-afe0-0ab9da7b477c, Class: 4, Term: 1, Start: 5.05.2025 12:00:00, End: 5.05.2025 14:00:00]
[2025-05-11 16:10:32] [User: ersanozdemir0715@gmail.com] [Action: Reservation Created] [Status: Success] [Details: User: ff850700-a3e5-4cdc-afe0-0ab9da7b477c, Class: 4, Term: 1, Start: 19.05.2025 12:00:00, End: 19.05.2025 14:00:00]
[2025-05-11 16:11:51] [User: admin@university.edu] [Action: Login] [Status: Success] [Details: User: admin@university.edu]
[2025-05-11 16:12:06] [User: ersanozdemir0715@gmail.com] [Action: Login] [Status: Success] [Details: User: ersanozdemir0715@gmail.com]
[2025-05-11 16:24:36] [User: ersanozdemir0715@gmail.com] [Action: Reservation Created] [Status: Success] [Details: User: ff850700-a3e5-4cdc-afe0-0ab9da7b477c, Class: 4, Term: 1, Start: 5.05.2025 12:00:00, End: 5.05.2025 13:00:00]
[2025-05-11 16:33:30] [User: ersanozdemir0715@gmail.com] [Action: Reservation Created] [Status: Success] [Details: User: ff850700-a3e5-4cdc-afe0-0ab9da7b477c, Class: 3, Term: 2, Start: 6.05.2025 12:00:00, End: 6.05.2025 14:00:00]
[2025-05-11 17:24:30] [User: admin@university.edu] [Action: Login] [Status: Success] [Details: User: admin@university.edu]
[2025-05-11 17:37:15] [User: admin@university.edu] [Action: Login] [Status: Success] [Details: User: admin@university.edu]
[2025-05-11 17:43:50] [User: admin@university.edu] [Action: Login] [Status: Success] [Details: User: admin@university.edu]
[2025-05-11 17:44:30] [User: ersanozdemir0715@gmail.com] [Action: Login] [Status: Success] [Details: User: ersanozdemir0715@gmail.com]
[2025-05-11 17:44:58] [User: ersanozdemir07@hotmail.com] [Action: Login] [Status: Success] [Details: User: ersanozdemir07@hotmail.com]
[2025-05-11 17:45:38] [User: ersanozdemir0715@gmail.com] [Action: Login] [Status: Success] [Details: User: ersanozdemir0715@gmail.com]
[2025-05-11 17:47:14] [User: admin@university.edu] [Action: Login] [Status: Success] [Details: User: admin@university.edu]
[2025-05-11 18:03:03] [User: ersanozdemir0715@gmail.com] [Action: Login] [Status: Success] [Details: User: ersanozdemir0715@gmail.com]
[2025-05-11 18:06:02] [User: ersanozdemir0715@gmail.com] [Action: Reservation Created] [Status: Success] [Details: User: ff850700-a3e5-4cdc-afe0-0ab9da7b477c, Class: 3, Term: 1, Start: 19.05.2025 15:00:00, End: 19.05.2025 16:00:00]
[2025-05-11 18:16:29] [User: ersanozdemir0715@gmail.com] [Action: Reservation Created] [Status: Success] [Details: User: ff850700-a3e5-4cdc-afe0-0ab9da7b477c, Class: 4, Term: 1, Start: 19.05.2025 15:00:00, End: 19.05.2025 16:00:00]
[2025-05-11 18:17:10] [User: ersanozdemir0715@gmail.com] [Action: Reservation Created] [Status: Success] [Details: User: ff850700-a3e5-4cdc-afe0-0ab9da7b477c, Class: 4, Term: 2, Start: 15.07.2025 14:00:00, End: 15.07.2025 15:00:00]
[2025-05-11 18:25:05] [User: ersanozdemir0715@gmail.com] [Action: Feedback Submitted] [Status: Success] [Details: User: ersanozdemir0715@gmail.com, Class: CENG, Rating: 5, Message: Deneme feedbacki]
[2025-05-11 18:30:05] [User: ersanozdemir0715@gmail.com] [Action: Feedback Submitted] [Status: Success] [Details: User: ersanozdemir0715@gmail.com, Class: CENG, Rating: 5, Message: deneme feedback]
[2025-05-11 18:34:40] [User: ersanozdemir0715@gmail.com] [Action: Feedback Submitted] [Status: Success] [Details: User: ersanozdemir0715@gmail.com, Class: CENG, Rating: 4, Message: deneme feed]
[2025-05-11 18:37:37] [User: ersanozdemir0715@gmail.com] [Action: Feedback Submitted] [Status: Success] [Details: User: ersanozdemir0715@gmail.com, Class: CENG, Rating: 4, Message: çalııış]
[2025-05-11 18:41:04] [User: Anonymous] [Action: Login] [Status: Failed] [Details: User: unsaleliif@gmail.com]
[2025-05-11 18:43:43] [User: unsaleliif@gmail.com] [Action: Login] [Status: Success] [Details: User: unsaleliif@gmail.com]
[2025-05-11 18:44:18] [User: admin@university.edu] [Action: Login] [Status: Success] [Details: User: admin@university.edu]
[2025-05-11 18:44:36] [User: unsaleliif@gmail.com] [Action: Login] [Status: Success] [Details: User: unsaleliif@gmail.com]
[2025-05-11 18:46:10] [User: unsaleliif@gmail.com] [Action: Reservation Created (Weekly)] [Status: Success] [Details: User: 819f5b8f-dcec-4d9c-84ee-8ffb79404efe, Class: 4, Term: 2, Start: 16.05.2025 10:40:00, End: 16.05.2025 11:40:00, Count: 0]
[2025-05-11 18:47:29] [User: unsaleliif@gmail.com] [Action: Reservation Created (Weekly)] [Status: Success] [Details: User: 819f5b8f-dcec-4d9c-84ee-8ffb79404efe, Class: 4, Term: 2, Start: 17.05.2025 10:00:00, End: 17.05.2025 12:00:00, Count: 0]
[2025-05-11 18:48:16] [User: unsaleliif@gmail.com] [Action: Reservation Created] [Status: Success] [Details: User: 819f5b8f-dcec-4d9c-84ee-8ffb79404efe, Class: 3, Term: 2, Start: 20.05.2025 10:00:00, End: 20.05.2025 12:00:00]
[2025-05-11 18:48:40] [User: unsaleliif@gmail.com] [Action: Reservation Created (Weekly)] [Status: Success] [Details: User: 819f5b8f-dcec-4d9c-84ee-8ffb79404efe, Class: 3, Term: 2, Start: 21.05.2025 10:00:00, End: 21.05.2025 12:00:00, Count: 0]
[2025-05-11 18:50:38] [User: unsaleliif@gmail.com] [Action: Feedback Submitted] [Status: Success] [Details: User: unsaleliif@gmail.com, Class: , Rating: 1, Message: >[]
[2025-05-11 18:50:44] [User: admin@university.edu] [Action: Login] [Status: Success] [Details: User: admin@university.edu]
[2025-05-11 18:53:34] [User: ersanozdemir0715@gmail.com] [Action: Login] [Status: Success] [Details: User: ersanozdemir0715@gmail.com]
[2025-05-11 18:53:59] [User: ersanozdemir0715@gmail.com] [Action: Feedback Submitted] [Status: Success] [Details: User: ersanozdemir0715@gmail.com, Class: EE, Rating: 1, Message: merhaba]
[2025-05-11 19:05:24] [User: admin@university.edu] [Action: Login] [Status: Success] [Details: User: admin@university.edu]
[2025-05-11 19:14:02] [User: ersanozdemir0715@gmail.com] [Action: Login] [Status: Success] [Details: User: ersanozdemir0715@gmail.com]
[2025-05-11 19:14:10] [User: ersanozdemir0715@gmail.com] [Action: Feedback Submitted] [Status: Success] [Details: User: ersanozdemir0715@gmail.com, Class: CENG, Rating: 1, Message: olll]
[2025-05-11 19:14:19] [User: admin@university.edu] [Action: Login] [Status: Success] [Details: User: admin@university.edu]
[2025-05-11 19:46:19] [User: admin@university.edu] [Action: Reservation reject] [Status: Rejected] [Details: ReservationId: 133, User: ersanozdemir0715@gmail.com, Class: CENG, Term: Yeni dönem, Start: 15.11.2027 12:00:00, End: 15.11.2027 13:00:00]
[2025-05-11 19:47:00] [User: ersanozdemir0715@gmail.com] [Action: Login] [Status: Success] [Details: User: ersanozdemir0715@gmail.com]
[2025-05-11 19:47:40] [User: ersanozdemir0715@gmail.com] [Action: Feedback Submitted] [Status: Success] [Details: User: ersanozdemir0715@gmail.com, Class: CENG, Rating: 3, Message: Deneme]
[2025-05-11 19:49:43] [User: ersanozdemir0715@gmail.com] [Action: Login] [Status: Success] [Details: User: ersanozdemir0715@gmail.com]
[2025-05-11 19:54:11] [User: ersanozdemir0715@gmail.com] [Action: Reservation Created] [Status: Success] [Details: User: ff850700-a3e5-4cdc-afe0-0ab9da7b477c, Class: 3, Term: 2, Start: 3.05.2025 12:00:00, End: 3.05.2025 14:00:00]
[2025-05-11 19:54:51] [User: ersanozdemir0715@gmail.com] [Action: Reservation Created (Weekly)] [Status: Success] [Details: User: ff850700-a3e5-4cdc-afe0-0ab9da7b477c, Class: 3, Term: 1, Start: 3.05.2025 12:00:00, End: 3.05.2025 14:00:00, Count: 161]
[2025-05-11 19:56:45] [User: ersanozdemir0715@gmail.com] [Action: Reservation Created] [Status: Success] [Details: User: ff850700-a3e5-4cdc-afe0-0ab9da7b477c, Class: 4, Term: 1, Start: 10.05.2025 13:00:00, End: 10.05.2025 14:00:00]
[2025-05-11 19:56:59] [User: ersanozdemir0715@gmail.com] [Action: Feedback Submitted] [Status: Success] [Details: User: ersanozdemir0715@gmail.com, Class: EE, Rating: 2, Message: DEneme maili]
[2025-05-11 19:57:31] [User: admin@university.edu] [Action: Login] [Status: Success] [Details: User: admin@university.edu]
[2025-05-11 19:58:09] [User: admin@university.edu] [Action: Reservation approve] [Status: Approved] [Details: ReservationId: 334, User: ersanozdemir0715@gmail.com, Class: CENG, Term: Yeni dönem, Start: 3.06.2028 12:00:00, End: 3.06.2028 14:00:00]
[2025-05-11 20:00:35] [User: ersanozdemir0715@gmail.com] [Action: Login] [Status: Success] [Details: User: ersanozdemir0715@gmail.com]
[2025-05-11 20:02:21] [User: admin@university.edu] [Action: Login] [Status: Success] [Details: User: admin@university.edu]
[2025-05-11 20:09:02] [User: ersanozdemir0715@gmail.com] [Action: Login] [Status: Success] [Details: User: ersanozdemir0715@gmail.com]
[2025-05-11 20:09:18] [User: admin@university.edu] [Action: Login] [Status: Success] [Details: User: admin@university.edu]
[2025-05-11 20:31:53] [User: ersanozdemir0715@gmail.com] [Action: Login] [Status: Success] [Details: User: ersanozdemir0715@gmail.com]
